app/build/intermediates/manifest_merge_blame_file/debug/manifest-merger-blame-debug-report.txt
1<?xml version="1.0" encoding="utf-8"?>
2<manifest xmlns:android="http://schemas.android.com/apk/res/android"
3    package="com.codegrace.Saklo"
4    android:versionCode="1"
5    android:versionName="1.0" >
6
7    <uses-sdk
8        android:minSdkVersion="22"
8-->src\main\AndroidManifest.xml
9        android:targetSdkVersion="33" />
9-->src\main\AndroidManifest.xml
10
11    <meta-data
11-->src\main\AndroidManifest.xml:5:5-7:66
12        android:name="com.google.android.geo.API_KEY"
12-->src\main\AndroidManifest.xml:6:9-54
13        android:value="AIzaSyD8pZOjK-EH1c47OfTej_yr7KIK8gsJrBk" />
13-->src\main\AndroidManifest.xml:7:9-64
14
15    <uses-feature
15-->src\main\AndroidManifest.xml:10:5-12:36
16        android:name="android.hardware.telephony"
16-->src\main\AndroidManifest.xml:11:9-50
17        android:required="false" />
17-->src\main\AndroidManifest.xml:12:9-33
18
19    <uses-permission android:name="android.permission.CALL_PHONE" />
19-->src\main\AndroidManifest.xml:13:5-69
19-->src\main\AndroidManifest.xml:13:22-66
20    <uses-permission android:name="android.permission.ACCESS_FINE_LOCATION" />
20-->src\main\AndroidManifest.xml:14:5-79
20-->src\main\AndroidManifest.xml:14:22-76
21    <uses-permission android:name="android.permission.ACCESS_COARSE_LOCATION" />
21-->src\main\AndroidManifest.xml:15:5-81
21-->src\main\AndroidManifest.xml:15:22-78
22
23    <!-- Include required permissions for Google Maps API to run. -->
24    <uses-permission android:name="android.permission.ACCESS_NETWORK_STATE" />
24-->[com.google.android.gms:play-services-maps:18.0.2] AndroidManifest.xml:23:5-79
24-->[com.google.android.gms:play-services-maps:18.0.2] AndroidManifest.xml:23:22-76
25    <uses-permission android:name="android.permission.INTERNET" />
25-->[com.google.android.gms:play-services-maps:18.0.2] AndroidManifest.xml:24:5-67
25-->[com.google.android.gms:play-services-maps:18.0.2] AndroidManifest.xml:24:22-64
26
27    <uses-feature
27-->[com.google.android.gms:play-services-maps:18.0.2] AndroidManifest.xml:26:5-28:35
28        android:glEsVersion="0x00020000"
28-->[com.google.android.gms:play-services-maps:18.0.2] AndroidManifest.xml:27:9-41
29        android:required="true" />
29-->[com.google.android.gms:play-services-maps:18.0.2] AndroidManifest.xml:28:9-32
30
31    <queries>
31-->[com.google.android.gms:play-services-maps:18.0.2] AndroidManifest.xml:30:5-34:15
32
33        <!-- Needs to be explicitly declared on Android R+ -->
34        <package android:name="com.google.android.apps.maps" />
34-->[com.google.android.gms:play-services-maps:18.0.2] AndroidManifest.xml:33:9-64
34-->[com.google.android.gms:play-services-maps:18.0.2] AndroidManifest.xml:33:18-61
35    </queries>
36
37    <uses-permission android:name="android.permission.WAKE_LOCK" />
37-->[com.google.android.gms:play-services-measurement-api:21.3.0] AndroidManifest.xml:24:5-68
37-->[com.google.android.gms:play-services-measurement-api:21.3.0] AndroidManifest.xml:24:22-65
38    <uses-permission android:name="com.google.android.gms.permission.AD_ID" />
38-->[com.google.android.gms:play-services-measurement-api:21.3.0] AndroidManifest.xml:25:5-79
38-->[com.google.android.gms:play-services-measurement-api:21.3.0] AndroidManifest.xml:25:22-76
39    <uses-permission android:name="com.google.android.finsky.permission.BIND_GET_INSTALL_REFERRER_SERVICE" />
39-->[com.google.android.gms:play-services-measurement:21.3.0] AndroidManifest.xml:26:5-110
39-->[com.google.android.gms:play-services-measurement:21.3.0] AndroidManifest.xml:26:22-107
40
41    <permission
41-->[androidx.core:core:1.10.1] AndroidManifest.xml:22:5-24:47
42        android:name="com.codegrace.Saklo.DYNAMIC_RECEIVER_NOT_EXPORTED_PERMISSION"
42-->[androidx.core:core:1.10.1] AndroidManifest.xml:23:9-81
43        android:protectionLevel="signature" />
43-->[androidx.core:core:1.10.1] AndroidManifest.xml:24:9-44
44
45    <uses-permission android:name="com.codegrace.Saklo.DYNAMIC_RECEIVER_NOT_EXPORTED_PERMISSION" />
45-->[androidx.core:core:1.10.1] AndroidManifest.xml:26:5-97
45-->[androidx.core:core:1.10.1] AndroidManifest.xml:26:22-94
46
47    <application
47-->src\main\AndroidManifest.xml:18:5-70:19
48        android:allowBackup="true"
48-->src\main\AndroidManifest.xml:19:9-35
49        android:appComponentFactory="androidx.core.app.CoreComponentFactory"
49-->[androidx.core:core:1.10.1] AndroidManifest.xml:28:18-86
50        android:dataExtractionRules="@xml/data_extraction_rules"
50-->src\main\AndroidManifest.xml:20:9-65
51        android:debuggable="true"
52        android:fullBackupContent="@xml/backup_rules"
52-->src\main\AndroidManifest.xml:21:9-54
53        android:icon="@drawable/logo"
53-->src\main\AndroidManifest.xml:22:9-38
54        android:label="@string/app_name"
54-->src\main\AndroidManifest.xml:23:9-41
55        android:roundIcon="@drawable/logo"
55-->src\main\AndroidManifest.xml:24:9-43
56        android:supportsRtl="true"
56-->src\main\AndroidManifest.xml:25:9-35
57        android:testOnly="true"
58        android:theme="@style/Theme.Saklo" >
58-->src\main\AndroidManifest.xml:26:9-43
59        <activity
59-->src\main\AndroidManifest.xml:28:9-30:40
60            android:name="com.codegrace.Saklo.activities.DrugsDetailsActivity"
60-->src\main\AndroidManifest.xml:29:13-60
61            android:exported="false" />
61-->src\main\AndroidManifest.xml:30:13-37
62        <activity
62-->src\main\AndroidManifest.xml:31:9-33:40
63            android:name="com.codegrace.Saklo.activities.RemediesDetailsActivity"
63-->src\main\AndroidManifest.xml:32:13-63
64            android:exported="false" />
64-->src\main\AndroidManifest.xml:33:13-37
65        <activity
65-->src\main\AndroidManifest.xml:34:9-43:20
66            android:name="com.codegrace.Saklo.activities.SplashActivity"
66-->src\main\AndroidManifest.xml:35:13-54
67            android:exported="true"
67-->src\main\AndroidManifest.xml:36:13-36
68            android:theme="@style/SplashTheme" >
68-->src\main\AndroidManifest.xml:37:13-47
69            <intent-filter>
69-->src\main\AndroidManifest.xml:38:13-42:29
70                <action android:name="android.intent.action.MAIN" />
70-->src\main\AndroidManifest.xml:39:17-69
70-->src\main\AndroidManifest.xml:39:25-66
71
72                <category android:name="android.intent.category.LAUNCHER" />
72-->src\main\AndroidManifest.xml:41:17-77
72-->src\main\AndroidManifest.xml:41:27-74
73            </intent-filter>
74        </activity>
75        <activity
75-->src\main\AndroidManifest.xml:44:9-53:20
76            android:name="com.codegrace.Saklo.activities.RegisterLoginActivity"
76-->src\main\AndroidManifest.xml:45:13-61
77            android:exported="true"
77-->src\main\AndroidManifest.xml:46:13-36
78            android:theme="@style/login_Theme" >
78-->src\main\AndroidManifest.xml:47:13-47
79            <intent-filter>
79-->src\main\AndroidManifest.xml:48:13-52:29
80                <action android:name="android.intent.action.VIEW" />
80-->src\main\AndroidManifest.xml:49:17-69
80-->src\main\AndroidManifest.xml:49:25-66
81
82                <category android:name="android.intent.category.DEFAULT" />
82-->src\main\AndroidManifest.xml:51:17-76
82-->src\main\AndroidManifest.xml:51:27-73
83            </intent-filter>
84        </activity>
85        <activity
85-->src\main\AndroidManifest.xml:54:9-57:51
86            android:name="com.codegrace.Saklo.activities.MainActivity"
86-->src\main\AndroidManifest.xml:55:13-52
87            android:exported="true"
87-->src\main\AndroidManifest.xml:56:13-36
88            android:theme="@style/GeneralTheme" />
88-->src\main\AndroidManifest.xml:57:13-48
89        <activity
89-->src\main\AndroidManifest.xml:58:9-61:51
90            android:name="com.codegrace.Saklo.activities.AppointmentActivity"
90-->src\main\AndroidManifest.xml:59:13-59
91            android:exported="true"
91-->src\main\AndroidManifest.xml:60:13-36
92            android:theme="@style/GeneralTheme" />
92-->src\main\AndroidManifest.xml:61:13-48
93        <activity
93-->src\main\AndroidManifest.xml:62:9-65:51
94            android:name="com.codegrace.Saklo.activities.RemediesActivity"
94-->src\main\AndroidManifest.xml:63:13-56
95            android:exported="true"
95-->src\main\AndroidManifest.xml:64:13-36
96            android:theme="@style/GeneralTheme" />
96-->src\main\AndroidManifest.xml:65:13-48
97        <activity
97-->src\main\AndroidManifest.xml:66:9-69:51
98            android:name="com.codegrace.Saklo.activities.DrugsActivity"
98-->src\main\AndroidManifest.xml:67:13-53
99            android:exported="true"
99-->src\main\AndroidManifest.xml:68:13-36
100            android:theme="@style/GeneralTheme" />
100-->src\main\AndroidManifest.xml:69:13-48
101        <activity
101-->[androidx.compose.ui:ui-tooling:1.3.0] AndroidManifest.xml:23:9-25:39
102            android:name="androidx.compose.ui.tooling.PreviewActivity"
102-->[androidx.compose.ui:ui-tooling:1.3.0] AndroidManifest.xml:24:13-71
103            android:exported="true" />
103-->[androidx.compose.ui:ui-tooling:1.3.0] AndroidManifest.xml:25:13-36
104        <activity
104-->[androidx.compose.ui:ui-test-manifest:1.3.0] AndroidManifest.xml:23:9-25:39
105            android:name="androidx.activity.ComponentActivity"
105-->[androidx.compose.ui:ui-test-manifest:1.3.0] AndroidManifest.xml:24:13-63
106            android:exported="true" /> <!-- Needs to be explicitly declared on P+ -->
106-->[androidx.compose.ui:ui-test-manifest:1.3.0] AndroidManifest.xml:25:13-36
107        <uses-library
107-->[com.google.android.gms:play-services-maps:18.0.2] AndroidManifest.xml:39:9-41:40
108            android:name="org.apache.http.legacy"
108-->[com.google.android.gms:play-services-maps:18.0.2] AndroidManifest.xml:40:13-50
109            android:required="false" />
109-->[com.google.android.gms:play-services-maps:18.0.2] AndroidManifest.xml:41:13-37
110
111        <service
111-->[com.google.firebase:firebase-auth-ktx:22.0.0] AndroidManifest.xml:8:9-14:19
112            android:name="com.google.firebase.components.ComponentDiscoveryService"
112-->[com.google.firebase:firebase-auth-ktx:22.0.0] AndroidManifest.xml:9:13-84
113            android:directBootAware="true"
113-->[com.google.firebase:firebase-common:20.3.2] AndroidManifest.xml:34:13-43
114            android:exported="false" >
114-->[com.google.firebase:firebase-auth-ktx:22.0.0] AndroidManifest.xml:10:13-37
115            <meta-data
115-->[com.google.firebase:firebase-auth-ktx:22.0.0] AndroidManifest.xml:11:13-13:85
116                android:name="com.google.firebase.components:com.google.firebase.auth.ktx.FirebaseAuthKtxRegistrar"
116-->[com.google.firebase:firebase-auth-ktx:22.0.0] AndroidManifest.xml:12:17-116
117                android:value="com.google.firebase.components.ComponentRegistrar" />
117-->[com.google.firebase:firebase-auth-ktx:22.0.0] AndroidManifest.xml:13:17-82
118            <meta-data
118-->[com.google.firebase:firebase-auth:22.0.0] AndroidManifest.xml:69:13-71:85
119                android:name="com.google.firebase.components:com.google.firebase.auth.FirebaseAuthRegistrar"
119-->[com.google.firebase:firebase-auth:22.0.0] AndroidManifest.xml:70:17-109
120                android:value="com.google.firebase.components.ComponentRegistrar" />
120-->[com.google.firebase:firebase-auth:22.0.0] AndroidManifest.xml:71:17-82
121            <meta-data
121-->[com.google.firebase:firebase-database-ktx:20.2.2] AndroidManifest.xml:14:13-16:85
122                android:name="com.google.firebase.components:com.google.firebase.database.ktx.FirebaseDatabaseKtxRegistrar"
122-->[com.google.firebase:firebase-database-ktx:20.2.2] AndroidManifest.xml:15:17-124
123                android:value="com.google.firebase.components.ComponentRegistrar" />
123-->[com.google.firebase:firebase-database-ktx:20.2.2] AndroidManifest.xml:16:17-82
124            <meta-data
124-->[com.google.firebase:firebase-database:20.2.2] AndroidManifest.xml:31:13-33:85
125                android:name="com.google.firebase.components:com.google.firebase.database.DatabaseRegistrar"
125-->[com.google.firebase:firebase-database:20.2.2] AndroidManifest.xml:32:17-109
126                android:value="com.google.firebase.components.ComponentRegistrar" />
126-->[com.google.firebase:firebase-database:20.2.2] AndroidManifest.xml:33:17-82
127            <meta-data
127-->[com.google.firebase:firebase-storage-ktx:20.2.1] AndroidManifest.xml:14:13-16:85
128                android:name="com.google.firebase.components:com.google.firebase.storage.ktx.FirebaseStorageKtxRegistrar"
128-->[com.google.firebase:firebase-storage-ktx:20.2.1] AndroidManifest.xml:15:17-122
129                android:value="com.google.firebase.components.ComponentRegistrar" />
129-->[com.google.firebase:firebase-storage-ktx:20.2.1] AndroidManifest.xml:16:17-82
130            <meta-data
130-->[com.google.firebase:firebase-storage:20.2.1] AndroidManifest.xml:32:13-34:85
131                android:name="com.google.firebase.components:com.google.firebase.storage.StorageRegistrar"
131-->[com.google.firebase:firebase-storage:20.2.1] AndroidManifest.xml:33:17-107
132                android:value="com.google.firebase.components.ComponentRegistrar" />
132-->[com.google.firebase:firebase-storage:20.2.1] AndroidManifest.xml:34:17-82
133            <meta-data
133-->[com.google.android.gms:play-services-measurement-api:21.3.0] AndroidManifest.xml:31:13-33:85
134                android:name="com.google.firebase.components:com.google.firebase.analytics.connector.internal.AnalyticsConnectorRegistrar"
134-->[com.google.android.gms:play-services-measurement-api:21.3.0] AndroidManifest.xml:32:17-139
135                android:value="com.google.firebase.components.ComponentRegistrar" />
135-->[com.google.android.gms:play-services-measurement-api:21.3.0] AndroidManifest.xml:33:17-82
136            <meta-data
136-->[com.google.firebase:firebase-common-ktx:20.3.2] AndroidManifest.xml:14:13-16:85
137                android:name="com.google.firebase.components:com.google.firebase.ktx.FirebaseCommonKtxRegistrar"
137-->[com.google.firebase:firebase-common-ktx:20.3.2] AndroidManifest.xml:15:17-113
138                android:value="com.google.firebase.components.ComponentRegistrar" />
138-->[com.google.firebase:firebase-common-ktx:20.3.2] AndroidManifest.xml:16:17-82
139            <meta-data
139-->[com.google.firebase:firebase-installations:17.0.1] AndroidManifest.xml:18:13-20:85
140                android:name="com.google.firebase.components:com.google.firebase.installations.FirebaseInstallationsRegistrar"
140-->[com.google.firebase:firebase-installations:17.0.1] AndroidManifest.xml:19:17-127
141                android:value="com.google.firebase.components.ComponentRegistrar" />
141-->[com.google.firebase:firebase-installations:17.0.1] AndroidManifest.xml:20:17-82
142        </service>
143
144        <activity
144-->[com.google.firebase:firebase-auth:22.0.0] AndroidManifest.xml:29:9-46:20
145            android:name="com.google.firebase.auth.internal.GenericIdpActivity"
145-->[com.google.firebase:firebase-auth:22.0.0] AndroidManifest.xml:30:13-80
146            android:excludeFromRecents="true"
146-->[com.google.firebase:firebase-auth:22.0.0] AndroidManifest.xml:31:13-46
147            android:exported="true"
147-->[com.google.firebase:firebase-auth:22.0.0] AndroidManifest.xml:32:13-36
148            android:launchMode="singleTask"
148-->[com.google.firebase:firebase-auth:22.0.0] AndroidManifest.xml:33:13-44
149            android:theme="@android:style/Theme.Translucent.NoTitleBar" >
149-->[com.google.firebase:firebase-auth:22.0.0] AndroidManifest.xml:34:13-72
150            <intent-filter>
150-->[com.google.firebase:firebase-auth:22.0.0] AndroidManifest.xml:35:13-45:29
151                <action android:name="android.intent.action.VIEW" />
151-->src\main\AndroidManifest.xml:49:17-69
151-->src\main\AndroidManifest.xml:49:25-66
152
153                <category android:name="android.intent.category.DEFAULT" />
153-->src\main\AndroidManifest.xml:51:17-76
153-->src\main\AndroidManifest.xml:51:27-73
154                <category android:name="android.intent.category.BROWSABLE" />
154-->[com.google.firebase:firebase-auth:22.0.0] AndroidManifest.xml:39:17-78
154-->[com.google.firebase:firebase-auth:22.0.0] AndroidManifest.xml:39:27-75
155
156                <data
156-->[com.google.firebase:firebase-auth:22.0.0] AndroidManifest.xml:41:17-44:51
157                    android:host="firebase.auth"
157-->[com.google.firebase:firebase-auth:22.0.0] AndroidManifest.xml:42:21-49
158                    android:path="/"
158-->[com.google.firebase:firebase-auth:22.0.0] AndroidManifest.xml:43:21-37
159                    android:scheme="genericidp" />
159-->[com.google.firebase:firebase-auth:22.0.0] AndroidManifest.xml:44:21-48
160            </intent-filter>
161        </activity>
162        <activity
162-->[com.google.firebase:firebase-auth:22.0.0] AndroidManifest.xml:47:9-64:20
163            android:name="com.google.firebase.auth.internal.RecaptchaActivity"
163-->[com.google.firebase:firebase-auth:22.0.0] AndroidManifest.xml:48:13-79
164            android:excludeFromRecents="true"
164-->[com.google.firebase:firebase-auth:22.0.0] AndroidManifest.xml:49:13-46
165            android:exported="true"
165-->[com.google.firebase:firebase-auth:22.0.0] AndroidManifest.xml:50:13-36
166            android:launchMode="singleTask"
166-->[com.google.firebase:firebase-auth:22.0.0] AndroidManifest.xml:51:13-44
167            android:theme="@android:style/Theme.Translucent.NoTitleBar" >
167-->[com.google.firebase:firebase-auth:22.0.0] AndroidManifest.xml:52:13-72
168            <intent-filter>
168-->[com.google.firebase:firebase-auth:22.0.0] AndroidManifest.xml:53:13-63:29
169                <action android:name="android.intent.action.VIEW" />
169-->src\main\AndroidManifest.xml:49:17-69
169-->src\main\AndroidManifest.xml:49:25-66
170
171                <category android:name="android.intent.category.DEFAULT" />
171-->src\main\AndroidManifest.xml:51:17-76
171-->src\main\AndroidManifest.xml:51:27-73
172                <category android:name="android.intent.category.BROWSABLE" />
172-->[com.google.firebase:firebase-auth:22.0.0] AndroidManifest.xml:39:17-78
172-->[com.google.firebase:firebase-auth:22.0.0] AndroidManifest.xml:39:27-75
173
174                <data
174-->[com.google.firebase:firebase-auth:22.0.0] AndroidManifest.xml:41:17-44:51
175                    android:host="firebase.auth"
175-->[com.google.firebase:firebase-auth:22.0.0] AndroidManifest.xml:42:21-49
176                    android:path="/"
176-->[com.google.firebase:firebase-auth:22.0.0] AndroidManifest.xml:43:21-37
177                    android:scheme="recaptcha" />
177-->[com.google.firebase:firebase-auth:22.0.0] AndroidManifest.xml:44:21-48
178            </intent-filter>
179        </activity>
180        <activity
180-->[com.google.android.gms:play-services-base:18.1.0] AndroidManifest.xml:20:9-22:45
181            android:name="com.google.android.gms.common.api.GoogleApiActivity"
181-->[com.google.android.gms:play-services-base:18.1.0] AndroidManifest.xml:20:19-85
182            android:exported="false"
182-->[com.google.android.gms:play-services-base:18.1.0] AndroidManifest.xml:22:19-43
183            android:theme="@android:style/Theme.Translucent.NoTitleBar" />
183-->[com.google.android.gms:play-services-base:18.1.0] AndroidManifest.xml:21:19-78
184
185        <provider
185-->[com.google.firebase:firebase-common:20.3.2] AndroidManifest.xml:25:9-30:39
186            android:name="com.google.firebase.provider.FirebaseInitProvider"
186-->[com.google.firebase:firebase-common:20.3.2] AndroidManifest.xml:26:13-77
187            android:authorities="com.codegrace.Saklo.firebaseinitprovider"
187-->[com.google.firebase:firebase-common:20.3.2] AndroidManifest.xml:27:13-72
188            android:directBootAware="true"
188-->[com.google.firebase:firebase-common:20.3.2] AndroidManifest.xml:28:13-43
189            android:exported="false"
189-->[com.google.firebase:firebase-common:20.3.2] AndroidManifest.xml:29:13-37
190            android:initOrder="100" />
190-->[com.google.firebase:firebase-common:20.3.2] AndroidManifest.xml:30:13-36
191
192        <receiver
192-->[com.google.android.gms:play-services-measurement:21.3.0] AndroidManifest.xml:29:9-33:20
193            android:name="com.google.android.gms.measurement.AppMeasurementReceiver"
193-->[com.google.android.gms:play-services-measurement:21.3.0] AndroidManifest.xml:30:13-85
194            android:enabled="true"
194-->[com.google.android.gms:play-services-measurement:21.3.0] AndroidManifest.xml:31:13-35
195            android:exported="false" >
195-->[com.google.android.gms:play-services-measurement:21.3.0] AndroidManifest.xml:32:13-37
196        </receiver>
197
198        <service
198-->[com.google.android.gms:play-services-measurement:21.3.0] AndroidManifest.xml:35:9-38:40
199            android:name="com.google.android.gms.measurement.AppMeasurementService"
199-->[com.google.android.gms:play-services-measurement:21.3.0] AndroidManifest.xml:36:13-84
200            android:enabled="true"
200-->[com.google.android.gms:play-services-measurement:21.3.0] AndroidManifest.xml:37:13-35
201            android:exported="false" />
201-->[com.google.android.gms:play-services-measurement:21.3.0] AndroidManifest.xml:38:13-37
202        <service
202-->[com.google.android.gms:play-services-measurement:21.3.0] AndroidManifest.xml:39:9-43:72
203            android:name="com.google.android.gms.measurement.AppMeasurementJobService"
203-->[com.google.android.gms:play-services-measurement:21.3.0] AndroidManifest.xml:40:13-87
204            android:enabled="true"
204-->[com.google.android.gms:play-services-measurement:21.3.0] AndroidManifest.xml:41:13-35
205            android:exported="false"
205-->[com.google.android.gms:play-services-measurement:21.3.0] AndroidManifest.xml:42:13-37
206            android:permission="android.permission.BIND_JOB_SERVICE" />
206-->[com.google.android.gms:play-services-measurement:21.3.0] AndroidManifest.xml:43:13-69
207
208        <meta-data
208-->[com.google.android.gms:play-services-basement:18.1.0] AndroidManifest.xml:21:9-23:69
209            android:name="com.google.android.gms.version"
209-->[com.google.android.gms:play-services-basement:18.1.0] AndroidManifest.xml:22:13-58
210            android:value="@integer/google_play_services_version" />
210-->[com.google.android.gms:play-services-basement:18.1.0] AndroidManifest.xml:23:13-66
211
212        <provider
212-->[androidx.emoji2:emoji2:1.2.0] AndroidManifest.xml:24:9-32:20
213            android:name="androidx.startup.InitializationProvider"
213-->[androidx.emoji2:emoji2:1.2.0] AndroidManifest.xml:25:13-67
214            android:authorities="com.codegrace.Saklo.androidx-startup"
214-->[androidx.emoji2:emoji2:1.2.0] AndroidManifest.xml:26:13-68
215            android:exported="false" >
215-->[androidx.emoji2:emoji2:1.2.0] AndroidManifest.xml:27:13-37
216            <meta-data
216-->[androidx.emoji2:emoji2:1.2.0] AndroidManifest.xml:29:13-31:52
217                android:name="androidx.emoji2.text.EmojiCompatInitializer"
217-->[androidx.emoji2:emoji2:1.2.0] AndroidManifest.xml:30:17-75
218                android:value="androidx.startup" />
218-->[androidx.emoji2:emoji2:1.2.0] AndroidManifest.xml:31:17-49
219            <meta-data
219-->[androidx.lifecycle:lifecycle-process:2.6.1] AndroidManifest.xml:29:13-31:52
220                android:name="androidx.lifecycle.ProcessLifecycleInitializer"
220-->[androidx.lifecycle:lifecycle-process:2.6.1] AndroidManifest.xml:30:17-78
221                android:value="androidx.startup" />
221-->[androidx.lifecycle:lifecycle-process:2.6.1] AndroidManifest.xml:31:17-49
222            <meta-data
222-->[androidx.profileinstaller:profileinstaller:1.3.0] AndroidManifest.xml:29:13-31:52
223                android:name="androidx.profileinstaller.ProfileInstallerInitializer"
223-->[androidx.profileinstaller:profileinstaller:1.3.0] AndroidManifest.xml:30:17-85
224                android:value="androidx.startup" />
224-->[androidx.profileinstaller:profileinstaller:1.3.0] AndroidManifest.xml:31:17-49
225        </provider>
226
227        <uses-library
227-->[androidx.window:window:1.0.0] AndroidManifest.xml:25:9-27:40
228            android:name="androidx.window.extensions"
228-->[androidx.window:window:1.0.0] AndroidManifest.xml:26:13-54
229            android:required="false" />
229-->[androidx.window:window:1.0.0] AndroidManifest.xml:27:13-37
230        <uses-library
230-->[androidx.window:window:1.0.0] AndroidManifest.xml:28:9-30:40
231            android:name="androidx.window.sidecar"
231-->[androidx.window:window:1.0.0] AndroidManifest.xml:29:13-51
232            android:required="false" />
232-->[androidx.window:window:1.0.0] AndroidManifest.xml:30:13-37
233
234        <service
234-->[androidx.room:room-runtime:2.5.2] AndroidManifest.xml:24:9-28:63
235            android:name="androidx.room.MultiInstanceInvalidationService"
235-->[androidx.room:room-runtime:2.5.2] AndroidManifest.xml:25:13-74
236            android:directBootAware="true"
236-->[androidx.room:room-runtime:2.5.2] AndroidManifest.xml:26:13-43
237            android:exported="false" />
237-->[androidx.room:room-runtime:2.5.2] AndroidManifest.xml:27:13-37
238
239        <receiver
239-->[androidx.profileinstaller:profileinstaller:1.3.0] AndroidManifest.xml:34:9-52:20
240            android:name="androidx.profileinstaller.ProfileInstallReceiver"
240-->[androidx.profileinstaller:profileinstaller:1.3.0] AndroidManifest.xml:35:13-76
241            android:directBootAware="false"
241-->[androidx.profileinstaller:profileinstaller:1.3.0] AndroidManifest.xml:36:13-44
242            android:enabled="true"
242-->[androidx.profileinstaller:profileinstaller:1.3.0] AndroidManifest.xml:37:13-35
243            android:exported="true"
243-->[androidx.profileinstaller:profileinstaller:1.3.0] AndroidManifest.xml:38:13-36
244            android:permission="android.permission.DUMP" >
244-->[androidx.profileinstaller:profileinstaller:1.3.0] AndroidManifest.xml:39:13-57
245            <intent-filter>
245-->[androidx.profileinstaller:profileinstaller:1.3.0] AndroidManifest.xml:40:13-42:29
246                <action android:name="androidx.profileinstaller.action.INSTALL_PROFILE" />
246-->[androidx.profileinstaller:profileinstaller:1.3.0] AndroidManifest.xml:41:17-91
246-->[androidx.profileinstaller:profileinstaller:1.3.0] AndroidManifest.xml:41:25-88
247            </intent-filter>
248            <intent-filter>
248-->[androidx.profileinstaller:profileinstaller:1.3.0] AndroidManifest.xml:43:13-45:29
249                <action android:name="androidx.profileinstaller.action.SKIP_FILE" />
249-->[androidx.profileinstaller:profileinstaller:1.3.0] AndroidManifest.xml:44:17-85
249-->[androidx.profileinstaller:profileinstaller:1.3.0] AndroidManifest.xml:44:25-82
250            </intent-filter>
251            <intent-filter>
251-->[androidx.profileinstaller:profileinstaller:1.3.0] AndroidManifest.xml:46:13-48:29
252                <action android:name="androidx.profileinstaller.action.SAVE_PROFILE" />
252-->[androidx.profileinstaller:profileinstaller:1.3.0] AndroidManifest.xml:47:17-88
252-->[androidx.profileinstaller:profileinstaller:1.3.0] AndroidManifest.xml:47:25-85
253            </intent-filter>
254            <intent-filter>
254-->[androidx.profileinstaller:profileinstaller:1.3.0] AndroidManifest.xml:49:13-51:29
255                <action android:name="androidx.profileinstaller.action.BENCHMARK_OPERATION" />
255-->[androidx.profileinstaller:profileinstaller:1.3.0] AndroidManifest.xml:50:17-95
255-->[androidx.profileinstaller:profileinstaller:1.3.0] AndroidManifest.xml:50:25-92
256            </intent-filter>
257        </receiver>
258    </application>
259
260</manifest>